[2025-06-05 13:55:31] EVENT: OPEN | EMAIL: amro.assamak@wayu.co
[2025-06-05 13:55:53] EVENT: CLICK | EMAIL: amro.assamak@wayu.co | INFO: link1 -> https://infoasia.com.vn/
[2025-06-05 13:55:53] EVENT: CLICK | EMAIL: amro.assamak@wayu.co | INFO: link2 -> https://zalo.me/0933823946
[2025-06-05 13:55:53] EVENT: OPEN | EMAIL: amro.assamak@wayu.co
[2025-06-05 13:59:09] EVENT: OPEN | EMAIL: baclx2@fsoft.com.vn
[2025-06-05 13:59:48] EVENT: CLICK | EMAIL: baclx2@fsoft.com.vn | INFO: link2 -> https://zalo.me/0933823946
[2025-06-05 13:59:48] EVENT: OPEN | EMAIL: baclx2@fsoft.com.vn
[2025-06-05 13:59:48] EVENT: CLICK | EMAIL: baclx2@fsoft.com.vn | INFO: link1 -> https://infoasia.com.vn/
[2025-06-05 14:17:30] EVENT: OPEN | EMAIL: johan.bae@difisoft.com
[2025-06-05 15:02:50] EVENT: OPEN | EMAIL: bao.nguyen@victory.com.vn
[2025-06-05 15:02:50] EVENT: CLICK | EMAIL: bao.nguyen@victory.com.vn | INFO: link1 -> https://infoasia.com.vn/
[2025-06-05 15:02:50] EVENT: CLICK | EMAIL: bao.nguyen@victory.com.vn | INFO: link1 -> https://infoasia.com.vn/
[2025-06-05 15:02:50] EVENT: CLICK | EMAIL: bao.nguyen@victory.com.vn | INFO: link1 -> https://infoasia.com.vn/
[2025-06-05 15:02:50] EVENT: CLICK | EMAIL: bao.nguyen@victory.com.vn | INFO: link1 -> https://infoasia.com.vn/
[2025-06-05 15:02:51] EVENT: CLICK | EMAIL: bao.nguyen@victory.com.vn | INFO: link1 -> https://infoasia.com.vn/
[2025-06-05 15:02:54] EVENT: CLICK | EMAIL: bao.nguyen@victory.com.vn | INFO: link1 -> https://infoasia.com.vn/
[2025-06-05 15:02:57] EVENT: CLICK | EMAIL: bao.nguyen@victory.com.vn | INFO: link1 -> https://infoasia.com.vn/
[2025-06-05 15:02:59] EVENT: CLICK | EMAIL: bao.nguyen@victory.com.vn | INFO: link1 -> https://infoasia.com.vn/
[2025-06-05 15:15:14] EVENT: OPEN | EMAIL: tariq@scientificsound.asia
[2025-06-05 15:33:09] EVENT: OPEN | EMAIL: bao.nguyen@victory.com.vn
[2025-06-05 15:02:50] EVENT: CLICK | EMAIL: bao.nguyen@victory.com.vn | INFO: link1 -> https://infoasia.com.vn/
[2025-06-05 15:02:51] EVENT: CLICK | EMAIL: bao.nguyen@victory.com.vn | INFO: link1 -> https://infoasia.com.vn/
[2025-06-05 15:02:54] EVENT: CLICK | EMAIL: bao.nguyen@victory.com.vn | INFO: link1 -> https://infoasia.com.vn/
[2025-06-05 15:02:57] EVENT: CLICK | EMAIL: bao.nguyen@victory.com.vn | INFO: link1 -> https://infoasia.com.vn/
[2025-06-05 15:02:59] EVENT: CLICK | EMAIL: bao.nguyen@victory.com.vn | INFO: link1 -> https://infoasia.com.vn/
[2025-06-05 15:15:14] EVENT: OPEN | EMAIL: tariq@scientificsound.asia
[2025-06-05 15:33:09] EVENT: OPEN | EMAIL: bao.nguyen@victory.com.vn
[2025-06-05 16:35:56] EVENT: OPEN | EMAIL: tam.mapp04@gmail.com
[2025-06-05 16:35:56] EVENT: OPEN | EMAIL: ducthienkhtn@gmail.com
[2025-06-05 16:53:50] EVENT: CLICK | EMAIL: bang.nguyen@gcalls.co | INFO: link2 -> https://zalo.me/0933823946
[2025-06-05 16:53:50] EVENT: OPEN | EMAIL: bang.nguyen@gcalls.co
[2025-06-05 16:53:51] EVENT: CLICK | EMAIL: bang.nguyen@gcalls.co | INFO: link2 -> https://zalo.me/0933823946
